<?xml version="1.0" encoding="UTF-8"?>
<!-- Generated by org.testng.reporters.JUnitXMLReporter -->
<testsuite hostname="DESKTOP-4G65I6G" ignored="0" name="Explore" tests="4" failures="0" timestamp="25 May 2019 18:12:03 GMT" time="0.025" errors="0">
  <testcase name="datatest" time="0.002" classname="test.A"/>
  <testcase name="gametest" time="0.002" classname="test.A"/>
  <testcase name="mobileTest" time="0.004" classname="test.A"/>
  <testcase name="wireTest" time="0.001" classname="test.A"/>
</testsuite> <!-- Explore -->
