<?xml version="1.0" encoding="UTF-8"?>
<!-- Generated by org.testng.reporters.JUnitXMLReporter -->
<testsuite hostname="DESKTOP-4G65I6G" ignored="13" name="Test" tests="3" failures="0" timestamp="25 May 2019 18:23:46 GMT" time="0.039" errors="0">
  <testcase name="smoketest" time="0.008" classname="test.B"/>
  <testcase name="mobileTest" time="0.001" classname="test.A"/>
  <testcase name="ghi" time="0.001" classname="test.C"/>
  <testcase name="regressiontest" time="0.0" classname="test.B">
    <ignored/>
  </testcase> <!-- regressiontest -->
  <testcase name="regre" time="0.0" classname="test.B">
    <ignored/>
  </testcase> <!-- regre -->
  <testcase name="Expectation" time="0.0" classname="test.E">
    <ignored/>
  </testcase> <!-- Expectation -->
  <testcase name="regression" time="0.0" classname="test.B">
    <ignored/>
  </testcase> <!-- regression -->
  <testcase name="gametest" time="0.0" classname="test.A">
    <ignored/>
  </testcase> <!-- gametest -->
  <testcase name="Dream" time="0.0" classname="test.E">
    <ignored/>
  </testcase> <!-- Dream -->
  <testcase name="abc" time="0.0" classname="test.C">
    <ignored/>
  </testcase> <!-- abc -->
  <testcase name="def" time="0.0" classname="test.C">
    <ignored/>
  </testcase> <!-- def -->
  <testcase name="klm" time="0.0" classname="test.C">
    <ignored/>
  </testcase> <!-- klm -->
  <testcase name="desire" time="0.0" classname="test.E">
    <ignored/>
  </testcase> <!-- desire -->
  <testcase name="aim" time="0.0" classname="test.E">
    <ignored/>
  </testcase> <!-- aim -->
  <testcase name="datatest" time="0.0" classname="test.A">
    <ignored/>
  </testcase> <!-- datatest -->
  <testcase name="wireTest" time="0.0" classname="test.A">
    <ignored/>
  </testcase> <!-- wireTest -->
</testsuite> <!-- Test -->
