<?xml version="1.0" encoding="UTF-8"?>
<testng-results skipped="0" failed="0" ignored="13" total="16" passed="3">
  <reporter-output>
  </reporter-output>
  <suite name="Suite" duration-ms="39" started-at="2019-05-25T18:23:46Z" finished-at="2019-05-25T18:23:46Z">
    <groups>
      <group name="mansa">
        <method signature="A.mobileTest()[pri:0, instance:test.A@29774679]" name="mobileTest" class="test.A"/>
        <method signature="B.smoketest()[pri:0, instance:test.B@5b275dab]" name="smoketest" class="test.B"/>
        <method signature="C.ghi()[pri:0, instance:test.C@61832929]" name="ghi" class="test.C"/>
      </group> <!-- mansa -->
    </groups>
    <test name="Test" duration-ms="39" started-at="2019-05-25T18:23:46Z" finished-at="2019-05-25T18:23:46Z">
      <class name="test.C">
        <test-method status="PASS" signature="ghi()[pri:0, instance:test.C@61832929]" name="ghi" duration-ms="1" started-at="2019-05-25T18:23:46Z" finished-at="2019-05-25T18:23:46Z">
          <reporter-output>
          </reporter-output>
        </test-method> <!-- ghi -->
      </class> <!-- test.C -->
      <class name="test.B">
        <test-method status="PASS" signature="smoketest()[pri:0, instance:test.B@5b275dab]" name="smoketest" duration-ms="8" started-at="2019-05-25T18:23:46Z" finished-at="2019-05-25T18:23:46Z">
          <reporter-output>
          </reporter-output>
        </test-method> <!-- smoketest -->
      </class> <!-- test.B -->
      <class name="test.A">
        <test-method status="PASS" signature="mobileTest()[pri:0, instance:test.A@29774679]" name="mobileTest" duration-ms="1" started-at="2019-05-25T18:23:46Z" finished-at="2019-05-25T18:23:46Z">
          <reporter-output>
          </reporter-output>
        </test-method> <!-- mobileTest -->
      </class> <!-- test.A -->
    </test> <!-- Test -->
  </suite> <!-- Suite -->
</testng-results>
